<?xml version="1.0" encoding="UTF-8"?>
<!-- Generated by org.testng.reporters.JUnitReportReporter -->
<testsuite hostname="MacBook-Air-de-ODM.local" failures="0" tests="1" name="tests.add_car_test" time="0.206" errors="0" timestamp="2025-08-16T05:26:01 CST" skipped="0">
  <testcase classname="tests.add_car_test" name="test_agregar_producto" time="0.206"/>
</testsuite> <!-- tests.add_car_test -->
