<?xml version="1.0" encoding="UTF-8"?>
<!-- Generated by org.testng.reporters.JUnitReportReporter -->
<testsuite hostname="MacBook-Air-de-ODM.local" failures="0" tests="1" name="tests.payment_method_test" time="1.152" errors="0" timestamp="2025-08-16T05:26:01 CST" skipped="0">
  <testcase classname="tests.payment_method_test" name="test_payment_method" time="1.152"/>
</testsuite> <!-- tests.payment_method_test -->
