<?xml version="1.0" encoding="UTF-8"?>
<!-- Generated by org.testng.reporters.JUnitReportReporter -->
<testsuite hostname="MacBook-Air-de-ODM.local" failures="0" tests="2" name="tests.add_new_product_test" time="0.588" errors="0" timestamp="2025-08-16T05:26:01 CST" skipped="0">
  <testcase classname="tests.add_new_product_test" name="ver_productos_carrito" time="0.422"/>
  <testcase classname="tests.add_new_product_test" name="agrega_nuevo_producto" time="0.166"/>
</testsuite> <!-- tests.add_new_product_test -->
