<?xml version="1.0" encoding="UTF-8"?>
<!-- Generated by org.testng.reporters.JUnitReportReporter -->
<testsuite hostname="MacBook-Air-de-ODM.local" failures="0" tests="1" name="tests.checkout_options_test" time="0.786" errors="0" timestamp="2025-08-16T05:26:01 CST" skipped="0">
  <testcase classname="tests.checkout_options_test" name="test_chekout_options" time="0.786"/>
</testsuite> <!-- tests.checkout_options_test -->
