<?xml version="1.0" encoding="UTF-8"?>
<!-- Generated by org.testng.reporters.JUnitReportReporter -->
<testsuite hostname="MacBook-Air-de-ODM.local" failures="0" tests="1" name="tests.delivery_metohd_test" time="1.008" errors="0" timestamp="2025-08-16T05:26:01 CST" skipped="0">
  <testcase classname="tests.delivery_metohd_test" name="test_delivery_metohd" time="1.008"/>
</testsuite> <!-- tests.delivery_metohd_test -->
