<?xml version="1.0" encoding="UTF-8"?>
<!-- Generated by org.testng.reporters.JUnitReportReporter -->
<testsuite hostname="MacBook-Air-de-ODM.local" failures="0" tests="1" name="tests.delete_producto_test" time="0.450" errors="0" timestamp="2025-08-16T05:26:01 CST" skipped="0">
  <testcase classname="tests.delete_producto_test" name="test_realizar_busqueda" time="0.450"/>
</testsuite> <!-- tests.delete_producto_test -->
