<?xml version="1.0" encoding="UTF-8"?>
<!-- Generated by org.testng.reporters.JUnitReportReporter -->
<testsuite hostname="MacBook-Air-de-ODM.local" failures="0" tests="1" name="tests.confirm_order_test" time="0.809" errors="0" timestamp="2025-08-16T05:26:01 CST" skipped="0">
  <testcase classname="tests.confirm_order_test" name="confirm_order_test" time="0.809"/>
</testsuite> <!-- tests.confirm_order_test -->
