<?xml version="1.0" encoding="UTF-8"?>
<!-- Generated by org.testng.reporters.JUnitReportReporter -->
<testsuite hostname="MacBook-Air-de-ODM.local" failures="0" tests="1" name="tests.billing_details_test" time="2.340" errors="0" timestamp="2025-08-16T05:26:01 CST" skipped="0">
  <testcase classname="tests.billing_details_test" name="billl_details_test" time="2.340"/>
</testsuite> <!-- tests.billing_details_test -->
